  main.htm 3089 compressed to 1222 (39%)
  -----------------------------
  compressed size 1318 bytes
  AudioOutput.cpp
D:\OneDrive\Desktop\MusicProject\TextComposer\TextComposer\AudioOutput.cpp(118,38): warning C4244: '=': conversion from '_Ty' to 'float', possible loss of data
          with
          [
              _Ty=double
          ]
D:\OneDrive\Desktop\MusicProject\TextComposer\TextComposer\AudioOutput.cpp(119,39): warning C4244: '=': conversion from '_Ty' to 'float', possible loss of data
          with
          [
              _Ty=double
          ]
  Constants.cpp
  Input.cpp
D:\OneDrive\Desktop\MusicProject\TextComposer\TextComposer\Input.cpp(44,18): warning C4244: 'initializing': conversion from '__int64' to 'int', possible loss of data
D:\OneDrive\Desktop\MusicProject\TextComposer\TextComposer\Input.cpp(45,23): warning C4244: 'initializing': conversion from '__int64' to 'int', possible loss of data
D:\OneDrive\Desktop\MusicProject\TextComposer\TextComposer\Input.cpp(54,12): warning C4244: 'initializing': conversion from '__int64' to 'int', possible loss of data
D:\OneDrive\Desktop\MusicProject\TextComposer\TextComposer\Input.cpp(170,12): warning C4244: 'initializing': conversion from '__int64' to 'int', possible loss of data
  sciter-win-main.cpp
  main.cpp
D:\OneDrive\Desktop\MusicProject\TextComposer\TextComposer\main.cpp(75,60): warning C4244: 'argument': conversion from 'double' to 'long', possible loss of data
  Wave.cpp
D:\OneDrive\Desktop\MusicProject\TextComposer\TextComposer\Wave.cpp(13,16): warning C4244: 'initializing': conversion from 'double' to 'int', possible loss of data
  Generating code
  Previous IPDB not found, fall back to full compilation.
D:\OneDrive\Desktop\MusicProject\TextComposer\TextComposer\Input.cpp(145): warning C4715: 'Input::getChords': not all control paths return a value
D:\OneDrive\Desktop\MusicProject\TextComposer\TextComposer\Input.cpp(40): warning C4715: 'Input::getNotes': not all control paths return a value
  All 841 functions were compiled because no usable IPDB/IOBJ from previous compilation was found.
  Finished generating code
  TextComposer.vcxproj -> D:\OneDrive\Desktop\MusicProject\TextComposer\x64\Release\TextComposer.exe
          1 file(s) copied.
  D:\OneDrive\Desktop\MusicProject\TextComposer\TextComposer\sciter-sdk\bin\windows\x64\inspector.exe
  D:\OneDrive\Desktop\MusicProject\TextComposer\TextComposer\sciter-sdk\bin\windows\x64\scapp.exe
  D:\OneDrive\Desktop\MusicProject\TextComposer\TextComposer\sciter-sdk\bin\windows\x64\sciter-sqlite.dll
  D:\OneDrive\Desktop\MusicProject\TextComposer\TextComposer\sciter-sdk\bin\windows\x64\sciter-sqlite.lib
  D:\OneDrive\Desktop\MusicProject\TextComposer\TextComposer\sciter-sdk\bin\windows\x64\sciter.dll
  D:\OneDrive\Desktop\MusicProject\TextComposer\TextComposer\sciter-sdk\bin\windows\x64\sciter.lib
  D:\OneDrive\Desktop\MusicProject\TextComposer\TextComposer\sciter-sdk\bin\windows\x64\test.htm
  D:\OneDrive\Desktop\MusicProject\TextComposer\TextComposer\sciter-sdk\bin\windows\x64\usciter.exe
          8 file(s) copied.
